#-----------------------------------------------------------
# Vivado v2015.2 (64-bit)
# SW Build 1266856 on Fri Jun 26 16:35:25 MDT 2015
# IP Build 1264090 on Wed Jun 24 14:22:01 MDT 2015
# Start of session at: Fri May 11 16:44:38 2018
# Process ID: 2340
# Log file: D:/Peripheral_Interface_lab/ip_repo/vivado.log
# Journal file: D:/Peripheral_Interface_lab/ip_repo\vivado.jou
#-----------------------------------------------------------
start_gui
open_project D:/Peripheral_Interface_lab/ip_repo/edit_segment_v1_0.xpr
INFO: [Project 1-313] Project file moved from 'd:/users/hust/documents/github/peripheral_interface_lab/ip_repo' since last save.
CRITICAL WARNING: [Project 1-311] Could not find the file 'D:/Peripheral_Interface_lab/ip_repo/edit_segment_v1_0.srcs/sources_1/new/SegmentDisplay.v', nor could it be found using path 'd:/users/hust/documents/github/peripheral_interface_lab/ip_repo/edit_segment_v1_0.srcs/sources_1/new/SegmentDisplay.v'.
Scanning sources...
Finished scanning sources
WARNING: [Project 1-509] GeneratedRun file for 'synth_1' not found
WARNING: [filemgmt 56-2] IP Repository Path: Could not find the directory 'D:/../../../../Users/Hust/Documents/GitHub/Peripheral_Interface_lab/ip_repo/segment_1.0', nor could it be found using path 'd:/Users/Hust/Documents/GitHub/Peripheral_Interface_lab/ip_repo/segment_1.0'.
WARNING: [filemgmt 56-2] IP Repository Path: Could not find the directory 'D:/../../../../Users/Hust/Documents/GitHub/Peripheral_Interface_lab/ip_repo/PWM_w_Int_1.1', nor could it be found using path 'd:/Users/Hust/Documents/GitHub/Peripheral_Interface_lab/ip_repo/PWM_w_Int_1.1'.
WARNING: [filemgmt 56-2] IP Repository Path: Could not find the directory 'D:/../../../../Users/Hust/Documents/GitHub/Peripheral_Interface_lab/ip_repo', nor could it be found using path 'd:/Users/Hust/Documents/GitHub/Peripheral_Interface_lab/ip_repo'.
INFO: [IP_Flow 19-234] Refreshing IP repositories
WARNING: [IP_Flow 19-3685] Ignored loading user repository 'd:/Users/Hust/Documents/GitHub/Peripheral_Interface_lab/ip_repo/segment_1.0'. The path is contained within another repository.
WARNING: [IP_Flow 19-3685] Ignored loading user repository 'd:/Users/Hust/Documents/GitHub/Peripheral_Interface_lab/ip_repo/PWM_w_Int_1.1'. The path is contained within another repository.
WARNING: [IP_Flow 19-2248] Failed to load user IP repository 'd:/Users/Hust/Documents/GitHub/Peripheral_Interface_lab/ip_repo'; Can't find the specified path.
If this directory should no longer be in your list of user repositories, go to the IP Settings dialog and remove it.
INFO: [IP_Flow 19-2313] Loaded Vivado IP repository 'C:/Xilinx/Vivado/2015.2/data/ip'.
update_compile_order -fileset sources_1
import_files -norecurse D:/Peripheral_Interface_lab/ip_repo/SegmentDisplay.v
update_compile_order -fileset sources_1
remove_files D:/Peripheral_Interface_lab/ip_repo/edit_segment_v1_0.srcs/sources_1/new/SegmentDisplay.v
ipx::open_ipxact_file D:/Peripheral_Interface_lab/ip_repo/segment_1.0/component.xml
ipx::remove_file d:/users/hust/documents/github/peripheral_interface_lab/ip_repo/edit_segment_v1_0.srcs/sources_1/new/SegmentDisplay.v [ipx::get_file_groups xilinx_verilogsynthesis -of_objects [ipx::current_core]]
ipx::remove_file d:/users/hust/documents/github/peripheral_interface_lab/ip_repo/edit_segment_v1_0.srcs/sources_1/new/SegmentDisplay.v [ipx::get_file_groups xilinx_verilogbehavioralsimulation -of_objects [ipx::current_core]]
set_property core_revision 5 [ipx::current_core]
ipx::create_xgui_files [ipx::current_core]
ipx::update_checksums [ipx::current_core]
ipx::save_core [ipx::current_core]
set_property  ip_repo_paths  {d:/Peripheral_Interface_lab/ip_repo/segment_1.0 d:/Users/Hust/Documents/GitHub/Peripheral_Interface_lab/ip_repo/segment_1.0 d:/Users/Hust/Documents/GitHub/Peripheral_Interface_lab/ip_repo/PWM_w_Int_1.1 d:/Users/Hust/Documents/GitHub/Peripheral_Interface_lab/ip_repo} [current_project]
update_ip_catalog
INFO: [IP_Flow 19-234] Refreshing IP repositories
INFO: [IP_Flow 19-1700] Loaded user IP repository 'd:/Peripheral_Interface_lab/ip_repo/segment_1.0'.
WARNING: [IP_Flow 19-3685] Ignored loading user repository 'd:/Users/Hust/Documents/GitHub/Peripheral_Interface_lab/ip_repo/segment_1.0'. The path is contained within another repository.
WARNING: [IP_Flow 19-3685] Ignored loading user repository 'd:/Users/Hust/Documents/GitHub/Peripheral_Interface_lab/ip_repo/PWM_w_Int_1.1'. The path is contained within another repository.
WARNING: [IP_Flow 19-2248] Failed to load user IP repository 'd:/Users/Hust/Documents/GitHub/Peripheral_Interface_lab/ip_repo'; Can't find the specified path.
If this directory should no longer be in your list of user repositories, go to the IP Settings dialog and remove it.
file copy D:/Peripheral_Interface_lab/ip_repo/SegmentDisplay.v d:/Peripheral_Interface_lab/ip_repo/segment_1.0/src
error copying "D:/Peripheral_Interface_lab/ip_repo/SegmentDisplay.v" to "d:/Peripheral_Interface_lab/ip_repo/segment_1.0/src/SegmentDisplay.v": file already exists
ipx::add_file hdl/SegmentDisplay.v [ipx::get_file_groups xilinx_verilogsynthesis -of_objects [ipx::current_core]]
set_property type verilogSource [ipx::get_files hdl/SegmentDisplay.v -of_objects [ipx::get_file_groups xilinx_verilogsynthesis -of_objects [ipx::current_core]]]
set_property library_name xil_defaultlib [ipx::get_files hdl/SegmentDisplay.v -of_objects [ipx::get_file_groups xilinx_verilogsynthesis -of_objects [ipx::current_core]]]
set_property core_revision 6 [ipx::current_core]
ipx::create_xgui_files [ipx::current_core]
ipx::update_checksums [ipx::current_core]
ipx::save_core [ipx::current_core]
update_ip_catalog -rebuild -repo_path d:/Peripheral_Interface_lab/ip_repo/segment_1.0
INFO: [IP_Flow 19-725] Reloaded user IP repository 'd:/Peripheral_Interface_lab/ip_repo/segment_1.0'
