INFO: [Common 17-701] A license check has taken more than 10 seconds to complete. This may indicate that there is a performance issue with one or more license servers listed in XILINXD_LICENSE_FILE or LM_LICENSE_FILE, or that the license servers are just not responding at all. Try setting the FLEXLM_DIAGNOSTICS environment variable to 3 and running Vivado again to get more information.
#-----------------------------------------------------------
# Vivado v2015.2 (64-bit)
# SW Build 1266856 on Fri Jun 26 16:35:25 MDT 2015
# IP Build 1264090 on Wed Jun 24 14:22:01 MDT 2015
# Start of session at: Wed May 23 19:06:12 2018
# Process ID: 3768
# Log file: D:/Peripheral_Interface_lab/ip_repo/vivado.log
# Journal file: D:/Peripheral_Interface_lab/ip_repo\vivado.jou
#-----------------------------------------------------------
start_gui
open_project D:/Peripheral_Interface_lab/ip_repo/edit_segment_v1_0.xpr
Scanning sources...
Finished scanning sources
WARNING: [filemgmt 56-3] IP Repository Path: Could not find the directory 'D:/Users/Hust/Documents/GitHub/Peripheral_Interface_lab/ip_repo/segment_1.0'.
WARNING: [filemgmt 56-3] IP Repository Path: Could not find the directory 'D:/Users/Hust/Documents/GitHub/Peripheral_Interface_lab/ip_repo/PWM_w_Int_1.1'.
WARNING: [filemgmt 56-3] IP Repository Path: Could not find the directory 'D:/Users/Hust/Documents/GitHub/Peripheral_Interface_lab/ip_repo'.
INFO: [IP_Flow 19-234] Refreshing IP repositories
INFO: [IP_Flow 19-1700] Loaded user IP repository 'd:/Peripheral_Interface_lab/ip_repo/segment_1.0'.
WARNING: [IP_Flow 19-3685] Ignored loading user repository 'd:/Users/Hust/Documents/GitHub/Peripheral_Interface_lab/ip_repo/segment_1.0'. The path is contained within another repository.
WARNING: [IP_Flow 19-3685] Ignored loading user repository 'd:/Users/Hust/Documents/GitHub/Peripheral_Interface_lab/ip_repo/PWM_w_Int_1.1'. The path is contained within another repository.
WARNING: [IP_Flow 19-2248] Failed to load user IP repository 'd:/Users/Hust/Documents/GitHub/Peripheral_Interface_lab/ip_repo'; Can't find the specified path.
If this directory should no longer be in your list of user repositories, go to the IP Settings dialog and remove it.
INFO: [IP_Flow 19-2313] Loaded Vivado IP repository 'C:/Xilinx/Vivado/2015.2/data/ip'.
open_project: Time (s): cpu = 00:00:10 ; elapsed = 00:00:23 . Memory (MB): peak = 635.930 ; gain = 86.406
ipx::open_ipxact_file D:/Peripheral_Interface_lab/ip_repo/segment_1.0/component.xml
ipx::unload_core d:/Peripheral_Interface_lab/ip_repo/segment_1.0/component.xml
ipx::open_ipxact_file D:/Peripheral_Interface_lab/ip_repo/segment_1.0/component.xml
launch_runs synth_1
INFO: [HDL 9-2216] Analyzing Verilog file "D:/Peripheral_Interface_lab/ip_repo/edit_segment_v1_0.srcs/sources_1/imports/ip_repo/SegmentDisplay.v" into library work [D:/Peripheral_Interface_lab/ip_repo/edit_segment_v1_0.srcs/sources_1/imports/ip_repo/SegmentDisplay.v:1]
INFO: [HDL 9-2216] Analyzing Verilog file "D:/Peripheral_Interface_lab/ip_repo/segment_1.0/hdl/segment_v1_0.v" into library work [D:/Peripheral_Interface_lab/ip_repo/segment_1.0/hdl/segment_v1_0.v:1]
INFO: [HDL 9-2216] Analyzing Verilog file "D:/Peripheral_Interface_lab/ip_repo/segment_1.0/hdl/segment_v1_0_S00_AXI.v" into library work [D:/Peripheral_Interface_lab/ip_repo/segment_1.0/hdl/segment_v1_0_S00_AXI.v:1]
[Wed May 23 19:18:35 2018] Launched synth_1...
Run output will be captured here: D:/Peripheral_Interface_lab/ip_repo/edit_segment_v1_0.runs/synth_1/runme.log
ipx::unload_core d:/Peripheral_Interface_lab/ip_repo/segment_1.0/component.xml
ipx::open_ipxact_file D:/Peripheral_Interface_lab/ip_repo/segment_1.0/component.xml
set_property value 250000 [ipx::get_user_parameters divider_count -of_objects [ipx::current_core]]
set_property value 250000 [ipx::get_hdl_parameters divider_count -of_objects [ipx::current_core]]
ipgui::add_param -name {divider_count} -component [ipx::current_core] -display_name {Divider Count} -show_label {true} -show_range {true} -widget {textEdit}
set_property core_revision 7 [ipx::current_core]
ipx::create_xgui_files [ipx::current_core]
ipx::update_checksums [ipx::current_core]
ipx::save_core [ipx::current_core]
update_ip_catalog -rebuild -repo_path d:/Peripheral_Interface_lab/ip_repo/segment_1.0
INFO: [IP_Flow 19-725] Reloaded user IP repository 'd:/Peripheral_Interface_lab/ip_repo/segment_1.0'
set_property core_revision 8 [ipx::current_core]
ipx::create_xgui_files [ipx::current_core]
ipx::update_checksums [ipx::current_core]
ipx::save_core [ipx::current_core]
update_ip_catalog -rebuild -repo_path d:/Peripheral_Interface_lab/ip_repo/segment_1.0
INFO: [IP_Flow 19-725] Reloaded user IP repository 'd:/Peripheral_Interface_lab/ip_repo/segment_1.0'
exit
INFO: [Common 17-206] Exiting Vivado at Wed May 23 19:21:45 2018...
